<?xml version="1.0" encoding="UTF-8"?>
<!-- Generated by org.testng.reporters.JUnitReportReporter -->
<testsuite hostname="DESKTOP-ESBTML5" failures="0" tests="1" name="saad.LongPress" time="39.196" errors="0" timestamp="2024-01-03T14:27:19 IST" skipped="0">
  <testcase classname="saad.LongPress" name="LongPressGesture" time="39.196"/>
  <system-out/>
</testsuite> <!-- saad.LongPress -->
