<?xml version="1.0" encoding="UTF-8"?>
<!-- Generated by org.testng.reporters.JUnitReportReporter -->
<testsuite hostname="DESKTOP-ESBTML5" failures="0" tests="1" name="saad.DragDropDemo" time="5.997" errors="0" timestamp="2024-01-03T16:47:01 IST" skipped="0">
  <testcase classname="saad.DragDropDemo" name="DragDropTest" time="5.997"/>
  <system-out/>
</testsuite> <!-- saad.DragDropDemo -->
