<?xml version="1.0" encoding="UTF-8"?>
<!-- Generated by org.testng.reporters.JUnitReportReporter -->
<testsuite hostname="DESKTOP-ESBTML5" failures="0" tests="1" name="saad.AppiumBasics" time="6.842" errors="0" timestamp="2024-01-03T13:14:02 IST" skipped="0">
  <testcase classname="saad.AppiumBasics" name="WifiSettingsName" time="6.842"/>
  <system-out/>
</testsuite> <!-- saad.AppiumBasics -->
