<?xml version="1.0" encoding="UTF-8"?>
<!-- Generated by org.testng.reporters.JUnitReportReporter -->
<testsuite hostname="DESKTOP-ESBTML5" failures="0" tests="1" name="saad.ScrollDemo" time="6.171" errors="0" timestamp="2024-01-03T15:06:32 IST" skipped="0">
  <testcase classname="saad.ScrollDemo" name="ScrollDemoTest" time="6.171"/>
  <system-out/>
</testsuite> <!-- saad.ScrollDemo -->
