<?xml version="1.0" encoding="UTF-8"?>
<!-- Generated by org.testng.reporters.JUnitReportReporter -->
<testsuite hostname="DESKTOP-ESBTML5" failures="0" tests="1" name="saad.SwipeDemo" time="6.549" errors="0" timestamp="2024-01-03T16:32:16 IST" skipped="0">
  <testcase classname="saad.SwipeDemo" name="SwipeDemoTest" time="6.549"/>
  <system-out/>
</testsuite> <!-- saad.SwipeDemo -->
