<?xml version="1.0" encoding="UTF-8"?>
<!-- Generated by org.testng.reporters.JUnitReportReporter -->
<testsuite hostname="DESKTOP-ESBTML5" failures="0" tests="1" name="saad.eCommerce_tc_1" time="0.009" errors="0" timestamp="2024-01-03T19:13:00 IST" skipped="0">
  <testcase classname="saad.eCommerce_tc_1" name="FillForm" time="0.009"/>
  <system-out/>
</testsuite> <!-- saad.eCommerce_tc_1 -->
